<?xml version="1.0" encoding="UTF-8"?>
<!-- Generated by org.testng.reporters.JUnitXMLReporter -->
<testsuite ignored="1" hostname="HP-PC" failures="0" tests="20" name="Functional Test" time="0.206" errors="0" timestamp="2022-01-24T12:25:57 IST">
  <testcase classname="testNGall.BaseTest" name="@BeforeSuite luanchBrowser" time="0.081">
    <failure type="java.lang.IllegalStateException" message="The driver executable must exist: D:\all JARS\chromedriver_win32\chromedriver.exe">
      <![CDATA[java.lang.IllegalStateException: The driver executable must exist: D:\all JARS\chromedriver_win32\chromedriver.exe
at org.openqa.selenium.internal.Require$FileStateChecker.isFile(Require.java:315)
at org.openqa.selenium.remote.service.DriverService.checkExecutable(DriverService.java:164)
at org.openqa.selenium.remote.service.DriverService.findExecutable(DriverService.java:159)
at org.openqa.selenium.chrome.ChromeDriverService.access$000(ChromeDriverService.java:37)
at org.openqa.selenium.chrome.ChromeDriverService$Builder.findDefaultExecutable(ChromeDriverService.java:222)
at org.openqa.selenium.remote.service.DriverService$Builder.build(DriverService.java:434)
at org.openqa.selenium.chrome.ChromeDriverService.createDefaultService(ChromeDriverService.java:119)
at org.openqa.selenium.chrome.ChromeDriver.<init>(ChromeDriver.java:41)
at testNGall.BaseTest.luanchBrowser(BaseTest.java:18)
... Removed 19 stack frames]]>
    </failure>
  </testcase> <!-- @BeforeSuite luanchBrowser -->
  <testcase classname="testNGall.BeforeAfter" name="@BeforeTest loginTest1" time="-1.643007356889E9">
    <skipped/>
  </testcase> <!-- @BeforeTest loginTest1 -->
  <testcase classname="testNGall.TakingScreeshot11" name="@BeforeMethod steUp" time="-1.643007357027E9">
    <skipped/>
  </testcase> <!-- @BeforeMethod steUp -->
  <testcase classname="testNGall.TakingScreeshot11" name="@AfterMethod tearDown" time="-1.643007357033E9">
    <skipped/>
  </testcase> <!-- @AfterMethod tearDown -->
  <testcase classname="testNGall.BeforeGroupsClass" name="@BeforeClass atest" time="-1.643007357035E9">
    <skipped/>
  </testcase> <!-- @BeforeClass atest -->
  <testcase classname="testNGall.BeforeGroupsClass" name="@AfterClass ztest" time="-1.643007357074E9">
    <skipped/>
  </testcase> <!-- @AfterClass ztest -->
  <testcase classname="testNGall.BeforeAfter" name="@AfterTest endtest" time="-1.643007357088E9">
    <skipped/>
  </testcase> <!-- @AfterTest endtest -->
  <testcase classname="testNGall.DemoClassforCaputtreSS" name="launhcApp" time="0.0">
    <skipped/>
  </testcase> <!-- launhcApp -->
  <testcase classname="testNGall.AssertTest1" name="titletest" time="0.0">
    <skipped/>
  </testcase> <!-- titletest -->
  <testcase classname="testNGall.RealDataProviderexmple" name="test" time="0.0">
    <skipped/>
  </testcase> <!-- test -->
  <testcase classname="testNGall.RealDataProviderexmple" name="test" time="0.0">
    <skipped/>
  </testcase> <!-- test -->
  <testcase classname="testNGall.RealDataProviderexmple" name="test" time="0.0">
    <skipped/>
  </testcase> <!-- test -->
  <testcase classname="testNGall.RealDataProviderexmple" name="test" time="0.0">
    <skipped/>
  </testcase> <!-- test -->
  <testcase classname="testNGall.BeforeAfter" name="btest" time="0.0">
    <skipped/>
  </testcase> <!-- btest -->
  <testcase classname="testNGall.BeforeAfter" name="atest" time="0.0">
    <skipped/>
  </testcase> <!-- atest -->
  <testcase classname="testNGall.DtaPrivdrDemo" name="test" time="0.0">
    <skipped/>
  </testcase> <!-- test -->
  <testcase classname="testNGall.DtaPrivdrDemo" name="test" time="0.0">
    <skipped/>
  </testcase> <!-- test -->
  <testcase classname="testNGall.DtaPrivdrDemo" name="test" time="0.0">
    <skipped/>
  </testcase> <!-- test -->
  <testcase classname="testNGall.TakingScreeshot11" name="takeScreenShotTest" time="0.0">
    <skipped/>
  </testcase> <!-- takeScreenShotTest -->
  <testcase classname="testNGall.BeforeGroupsClass" name="btest" time="0.0">
    <skipped/>
  </testcase> <!-- btest -->
  <testcase classname="testNGall.BeforeGroupsClass" name="ctest" time="0.0">
    <skipped/>
  </testcase> <!-- ctest -->
  <testcase classname="testNGall.BeforeGroupsClass" name="dtest" time="0.0">
    <skipped/>
  </testcase> <!-- dtest -->
  <testcase classname="testNGall.BeforeGroupsClass" name="etest" time="0.0">
    <skipped/>
  </testcase> <!-- etest -->
  <testcase classname="testNGall.GroupDemo" name="atest" time="0.0">
    <skipped/>
  </testcase> <!-- atest -->
  <testcase classname="testNGall.GroupDemo" name="btest" time="0.0">
    <skipped/>
  </testcase> <!-- btest -->
  <testcase classname="testNGall.GroupDemo" name="ctest" time="0.0">
    <skipped/>
  </testcase> <!-- ctest -->
  <testcase classname="testNGall.GroupDemo" name="dtest" time="0.0">
    <skipped/>
  </testcase> <!-- dtest -->
  <testcase classname="testNGall.SkipDemoTest" name="skiptest1" time="0.0">
    <ignored/>
  </testcase> <!-- skiptest1 -->
</testsuite> <!-- Functional Test -->
